{
  "instant" : {
    "epochSecond" : 1739748235,
    "nanoOfSecond" : 505522700
  },
  "thread" : "restartedMain",
  "level" : "INFO",
  "loggerName" : "com.dev.start.StartApplication",
  "message" : "Starting StartApplication using Java 17.0.12 with PID 17200 (C:\\Users\\Administrator\\Documents\\ISI\\Master 2\\Semestre 1\\JEE\\tp\\LAB1\\Commande\\start\\target\\classes started by Administrator in C:\\Users\\Administrator\\Documents\\ISI\\Master 2\\Semestre 1\\JEE\\tp\\LAB1\\Commande)",
  "endOfBatch" : false,
  "loggerFqcn" : "org.apache.commons.logging.LogAdapter$Log4jLog",
  "threadId" : 23,
  "threadPriority" : 5,
  "service" : "commandes-app"
}
{
  "instant" : {
    "epochSecond" : 1739748235,
    "nanoOfSecond" : 470842300
  },
  "thread" : "background-preinit",
  "level" : "INFO",
  "loggerName" : "org.hibernate.validator.internal.util.Version",
  "message" : "HV000001: Hibernate Validator 8.0.1.Final",
  "endOfBatch" : false,
  "loggerFqcn" : "org.hibernate.validator.internal.util.logging.Log_$logger",
  "threadId" : 25,
  "threadPriority" : 5,
  "service" : "commandes-app"
}
{
  "instant" : {
    "epochSecond" : 1739748235,
    "nanoOfSecond" : 561528500
  },
  "thread" : "restartedMain",
  "level" : "INFO",
  "loggerName" : "com.dev.start.StartApplication",
  "message" : "No active profile set, falling back to 1 default profile: \"default\"",
  "endOfBatch" : false,
  "loggerFqcn" : "org.apache.commons.logging.LogAdapter$Log4jLog",
  "threadId" : 23,
  "threadPriority" : 5,
  "service" : "commandes-app"
}
{
  "instant" : {
    "epochSecond" : 1739748235,
    "nanoOfSecond" : 631063200
  },
  "thread" : "restartedMain",
  "level" : "INFO",
  "loggerName" : "org.springframework.boot.devtools.env.DevToolsPropertyDefaultsPostProcessor",
  "message" : "Devtools property defaults active! Set 'spring.devtools.add-properties' to 'false' to disable",
  "endOfBatch" : false,
  "loggerFqcn" : "org.apache.commons.logging.LogAdapter$Log4jLog",
  "threadId" : 23,
  "threadPriority" : 5,
  "service" : "commandes-app"
}
{
  "instant" : {
    "epochSecond" : 1739748235,
    "nanoOfSecond" : 633104700
  },
  "thread" : "restartedMain",
  "level" : "INFO",
  "loggerName" : "org.springframework.boot.devtools.env.DevToolsPropertyDefaultsPostProcessor",
  "message" : "For additional web related logging consider setting the 'logging.level.web' property to 'DEBUG'",
  "endOfBatch" : false,
  "loggerFqcn" : "org.apache.commons.logging.LogAdapter$Log4jLog",
  "threadId" : 23,
  "threadPriority" : 5,
  "service" : "commandes-app"
}
{
  "instant" : {
    "epochSecond" : 1739748236,
    "nanoOfSecond" : 158440500
  },
  "thread" : "restartedMain",
  "level" : "INFO",
  "loggerName" : "org.springframework.data.repository.config.RepositoryConfigurationDelegate",
  "message" : "Bootstrapping Spring Data JPA repositories in DEFAULT mode.",
  "endOfBatch" : false,
  "loggerFqcn" : "org.apache.commons.logging.LogAdapter$Log4jLog",
  "threadId" : 23,
  "threadPriority" : 5,
  "service" : "commandes-app"
}
{
  "instant" : {
    "epochSecond" : 1739748236,
    "nanoOfSecond" : 208904400
  },
  "thread" : "restartedMain",
  "level" : "INFO",
  "loggerName" : "org.springframework.data.repository.config.RepositoryConfigurationDelegate",
  "message" : "Finished Spring Data repository scanning in 44 ms. Found 3 JPA repository interfaces.",
  "endOfBatch" : false,
  "loggerFqcn" : "org.apache.commons.logging.LogAdapter$Log4jLog",
  "threadId" : 23,
  "threadPriority" : 5,
  "service" : "commandes-app"
}
{
  "instant" : {
    "epochSecond" : 1739748237,
    "nanoOfSecond" : 7181900
  },
  "thread" : "restartedMain",
  "level" : "INFO",
  "loggerName" : "org.springframework.boot.web.embedded.tomcat.TomcatWebServer",
  "message" : "Tomcat initialized with port 8083 (http)",
  "endOfBatch" : false,
  "loggerFqcn" : "org.apache.commons.logging.LogAdapter$Log4jLog",
  "threadId" : 23,
  "threadPriority" : 5,
  "service" : "commandes-app"
}
{
  "instant" : {
    "epochSecond" : 1739748237,
    "nanoOfSecond" : 19606800
  },
  "thread" : "restartedMain",
  "level" : "INFO",
  "loggerName" : "org.apache.coyote.http11.Http11NioProtocol",
  "message" : "Initializing ProtocolHandler [\"http-nio-8083\"]",
  "endOfBatch" : false,
  "loggerFqcn" : "java.util.logging.Logger",
  "threadId" : 23,
  "threadPriority" : 5,
  "service" : "commandes-app"
}
{
  "instant" : {
    "epochSecond" : 1739748237,
    "nanoOfSecond" : 23118400
  },
  "thread" : "restartedMain",
  "level" : "INFO",
  "loggerName" : "org.apache.catalina.core.StandardService",
  "message" : "Starting service [Tomcat]",
  "endOfBatch" : false,
  "loggerFqcn" : "java.util.logging.Logger",
  "threadId" : 23,
  "threadPriority" : 5,
  "service" : "commandes-app"
}
{
  "instant" : {
    "epochSecond" : 1739748237,
    "nanoOfSecond" : 24130900
  },
  "thread" : "restartedMain",
  "level" : "INFO",
  "loggerName" : "org.apache.catalina.core.StandardEngine",
  "message" : "Starting Servlet engine: [Apache Tomcat/10.1.31]",
  "endOfBatch" : false,
  "loggerFqcn" : "java.util.logging.Logger",
  "threadId" : 23,
  "threadPriority" : 5,
  "service" : "commandes-app"
}
{
  "instant" : {
    "epochSecond" : 1739748237,
    "nanoOfSecond" : 68325900
  },
  "thread" : "restartedMain",
  "level" : "INFO",
  "loggerName" : "org.apache.catalina.core.ContainerBase.[Tomcat].[localhost].[/]",
  "message" : "Initializing Spring embedded WebApplicationContext",
  "endOfBatch" : false,
  "loggerFqcn" : "java.util.logging.Logger",
  "threadId" : 23,
  "threadPriority" : 5,
  "service" : "commandes-app"
}
{
  "instant" : {
    "epochSecond" : 1739748237,
    "nanoOfSecond" : 69232100
  },
  "thread" : "restartedMain",
  "level" : "INFO",
  "loggerName" : "org.springframework.boot.web.servlet.context.ServletWebServerApplicationContext",
  "message" : "Root WebApplicationContext: initialization completed in 1436 ms",
  "endOfBatch" : false,
  "loggerFqcn" : "org.apache.commons.logging.LogAdapter$Log4jLog",
  "threadId" : 23,
  "threadPriority" : 5,
  "service" : "commandes-app"
}
{
  "instant" : {
    "epochSecond" : 1739748237,
    "nanoOfSecond" : 216356800
  },
  "thread" : "restartedMain",
  "level" : "INFO",
  "loggerName" : "org.hibernate.jpa.internal.util.LogHelper",
  "message" : "HHH000204: Processing PersistenceUnitInfo [name: default]",
  "endOfBatch" : false,
  "loggerFqcn" : "org.hibernate.internal.EntityManagerMessageLogger_$logger",
  "threadId" : 23,
  "threadPriority" : 5,
  "service" : "commandes-app"
}
{
  "instant" : {
    "epochSecond" : 1739748237,
    "nanoOfSecond" : 289962000
  },
  "thread" : "restartedMain",
  "level" : "INFO",
  "loggerName" : "org.hibernate.Version",
  "message" : "HHH000412: Hibernate ORM core version 6.4.10.Final",
  "endOfBatch" : false,
  "loggerFqcn" : "org.hibernate.internal.CoreMessageLogger_$logger",
  "threadId" : 23,
  "threadPriority" : 5,
  "service" : "commandes-app"
}
{
  "instant" : {
    "epochSecond" : 1739748237,
    "nanoOfSecond" : 333100400
  },
  "thread" : "restartedMain",
  "level" : "INFO",
  "loggerName" : "org.hibernate.cache.internal.RegionFactoryInitiator",
  "message" : "HHH000026: Second-level cache disabled",
  "endOfBatch" : false,
  "loggerFqcn" : "org.hibernate.internal.CoreMessageLogger_$logger",
  "threadId" : 23,
  "threadPriority" : 5,
  "service" : "commandes-app"
}
{
  "instant" : {
    "epochSecond" : 1739748237,
    "nanoOfSecond" : 581483400
  },
  "thread" : "restartedMain",
  "level" : "INFO",
  "loggerName" : "org.springframework.orm.jpa.persistenceunit.SpringPersistenceUnitInfo",
  "message" : "No LoadTimeWeaver setup: ignoring JPA class transformer",
  "endOfBatch" : false,
  "loggerFqcn" : "org.apache.commons.logging.LogAdapter$Log4jLog",
  "threadId" : 23,
  "threadPriority" : 5,
  "service" : "commandes-app"
}
{
  "instant" : {
    "epochSecond" : 1739748237,
    "nanoOfSecond" : 610057000
  },
  "thread" : "restartedMain",
  "level" : "INFO",
  "loggerName" : "com.zaxxer.hikari.HikariDataSource",
  "message" : "HikariPool-1 - Starting...",
  "endOfBatch" : false,
  "loggerFqcn" : "org.apache.logging.slf4j.Log4jLogger",
  "threadId" : 23,
  "threadPriority" : 5,
  "service" : "commandes-app"
}
{
  "instant" : {
    "epochSecond" : 1739748237,
    "nanoOfSecond" : 971769100
  },
  "thread" : "restartedMain",
  "level" : "INFO",
  "loggerName" : "com.zaxxer.hikari.pool.HikariPool",
  "message" : "HikariPool-1 - Added connection com.mysql.cj.jdbc.ConnectionImpl@32e5775a",
  "endOfBatch" : false,
  "loggerFqcn" : "org.apache.logging.slf4j.Log4jLogger",
  "threadId" : 23,
  "threadPriority" : 5,
  "service" : "commandes-app"
}
{
  "instant" : {
    "epochSecond" : 1739748237,
    "nanoOfSecond" : 972741700
  },
  "thread" : "restartedMain",
  "level" : "INFO",
  "loggerName" : "com.zaxxer.hikari.HikariDataSource",
  "message" : "HikariPool-1 - Start completed.",
  "endOfBatch" : false,
  "loggerFqcn" : "org.apache.logging.slf4j.Log4jLogger",
  "threadId" : 23,
  "threadPriority" : 5,
  "service" : "commandes-app"
}
{
  "instant" : {
    "epochSecond" : 1739748238,
    "nanoOfSecond" : 24097500
  },
  "thread" : "restartedMain",
  "level" : "WARN",
  "loggerName" : "org.hibernate.orm.deprecation",
  "message" : "HHH90000025: MySQLDialect does not need to be specified explicitly using 'hibernate.dialect' (remove the property setting and it will be selected by default)",
  "endOfBatch" : false,
  "loggerFqcn" : "org.hibernate.internal.log.DeprecationLogger_$logger",
  "threadId" : 23,
  "threadPriority" : 5,
  "service" : "commandes-app"
}
{
  "instant" : {
    "epochSecond" : 1739748238,
    "nanoOfSecond" : 970480300
  },
  "thread" : "restartedMain",
  "level" : "INFO",
  "loggerName" : "org.hibernate.engine.transaction.jta.platform.internal.JtaPlatformInitiator",
  "message" : "HHH000489: No JTA platform available (set 'hibernate.transaction.jta.platform' to enable JTA platform integration)",
  "endOfBatch" : false,
  "loggerFqcn" : "org.hibernate.internal.CoreMessageLogger_$logger",
  "threadId" : 23,
  "threadPriority" : 5,
  "service" : "commandes-app"
}
{
  "instant" : {
    "epochSecond" : 1739748239,
    "nanoOfSecond" : 48290200
  },
  "thread" : "restartedMain",
  "level" : "INFO",
  "loggerName" : "org.springframework.orm.jpa.LocalContainerEntityManagerFactoryBean",
  "message" : "Initialized JPA EntityManagerFactory for persistence unit 'default'",
  "endOfBatch" : false,
  "loggerFqcn" : "org.apache.commons.logging.LogAdapter$Log4jLog",
  "threadId" : 23,
  "threadPriority" : 5,
  "service" : "commandes-app"
}
{
  "instant" : {
    "epochSecond" : 1739748239,
    "nanoOfSecond" : 548661200
  },
  "thread" : "restartedMain",
  "level" : "WARN",
  "loggerName" : "org.springframework.boot.autoconfigure.orm.jpa.JpaBaseConfiguration$JpaWebConfiguration",
  "message" : "spring.jpa.open-in-view is enabled by default. Therefore, database queries may be performed during view rendering. Explicitly configure spring.jpa.open-in-view to disable this warning",
  "endOfBatch" : false,
  "loggerFqcn" : "org.apache.commons.logging.LogAdapter$Log4jLog",
  "threadId" : 23,
  "threadPriority" : 5,
  "service" : "commandes-app"
}
{
  "instant" : {
    "epochSecond" : 1739748239,
    "nanoOfSecond" : 682090400
  },
  "thread" : "restartedMain",
  "level" : "DEBUG",
  "loggerName" : "org.springframework.web.servlet.mvc.method.annotation.RequestMappingHandlerMapping",
  "message" : "17 mappings in 'requestMappingHandlerMapping'",
  "endOfBatch" : false,
  "loggerFqcn" : "org.apache.commons.logging.LogAdapter$Log4jLog",
  "threadId" : 23,
  "threadPriority" : 5,
  "service" : "commandes-app"
}
{
  "instant" : {
    "epochSecond" : 1739748239,
    "nanoOfSecond" : 758295200
  },
  "thread" : "restartedMain",
  "level" : "DEBUG",
  "loggerName" : "org.springframework.web.servlet.handler.SimpleUrlHandlerMapping",
  "message" : "Patterns [/webjars/**, /**] in 'resourceHandlerMapping'",
  "endOfBatch" : false,
  "loggerFqcn" : "org.apache.commons.logging.LogAdapter$Log4jLog",
  "threadId" : 23,
  "threadPriority" : 5,
  "service" : "commandes-app"
}
{
  "instant" : {
    "epochSecond" : 1739748239,
    "nanoOfSecond" : 789311100
  },
  "thread" : "restartedMain",
  "level" : "DEBUG",
  "loggerName" : "org.springframework.web.servlet.mvc.method.annotation.RequestMappingHandlerAdapter",
  "message" : "ControllerAdvice beans: 0 @ModelAttribute, 0 @InitBinder, 1 RequestBodyAdvice, 1 ResponseBodyAdvice",
  "endOfBatch" : false,
  "loggerFqcn" : "org.apache.commons.logging.LogAdapter$Log4jLog",
  "threadId" : 23,
  "threadPriority" : 5,
  "service" : "commandes-app"
}
{
  "instant" : {
    "epochSecond" : 1739748239,
    "nanoOfSecond" : 822199400
  },
  "thread" : "restartedMain",
  "level" : "DEBUG",
  "loggerName" : "org.springframework.web.servlet.mvc.method.annotation.ExceptionHandlerExceptionResolver",
  "message" : "ControllerAdvice beans: 1 @ExceptionHandler, 1 ResponseBodyAdvice",
  "endOfBatch" : false,
  "loggerFqcn" : "org.apache.commons.logging.LogAdapter$Log4jLog",
  "threadId" : 23,
  "threadPriority" : 5,
  "service" : "commandes-app"
}
{
  "instant" : {
    "epochSecond" : 1739748239,
    "nanoOfSecond" : 856706700
  },
  "thread" : "restartedMain",
  "level" : "WARN",
  "loggerName" : "org.springframework.boot.autoconfigure.thymeleaf.ThymeleafAutoConfiguration$DefaultTemplateResolverConfiguration",
  "message" : "Cannot find template location: classpath:/templates/ (please add some templates, check your Thymeleaf configuration, or set spring.thymeleaf.check-template-location=false)",
  "endOfBatch" : false,
  "loggerFqcn" : "org.apache.commons.logging.LogAdapter$Log4jLog",
  "threadId" : 23,
  "threadPriority" : 5,
  "service" : "commandes-app"
}
{
  "instant" : {
    "epochSecond" : 1739748239,
    "nanoOfSecond" : 958256800
  },
  "thread" : "restartedMain",
  "level" : "INFO",
  "loggerName" : "org.springframework.boot.devtools.autoconfigure.OptionalLiveReloadServer",
  "message" : "LiveReload server is running on port 35729",
  "endOfBatch" : false,
  "loggerFqcn" : "org.apache.commons.logging.LogAdapter$Log4jLog",
  "threadId" : 23,
  "threadPriority" : 5,
  "service" : "commandes-app"
}
{
  "instant" : {
    "epochSecond" : 1739748239,
    "nanoOfSecond" : 980763400
  },
  "thread" : "restartedMain",
  "level" : "INFO",
  "loggerName" : "org.apache.coyote.http11.Http11NioProtocol",
  "message" : "Starting ProtocolHandler [\"http-nio-8083\"]",
  "endOfBatch" : false,
  "loggerFqcn" : "java.util.logging.Logger",
  "threadId" : 23,
  "threadPriority" : 5,
  "service" : "commandes-app"
}
{
  "instant" : {
    "epochSecond" : 1739748239,
    "nanoOfSecond" : 998251900
  },
  "thread" : "restartedMain",
  "level" : "INFO",
  "loggerName" : "org.springframework.boot.web.embedded.tomcat.TomcatWebServer",
  "message" : "Tomcat started on port 8083 (http) with context path ''",
  "endOfBatch" : false,
  "loggerFqcn" : "org.apache.commons.logging.LogAdapter$Log4jLog",
  "threadId" : 23,
  "threadPriority" : 5,
  "service" : "commandes-app"
}
{
  "instant" : {
    "epochSecond" : 1739748240,
    "nanoOfSecond" : 6266800
  },
  "thread" : "restartedMain",
  "level" : "INFO",
  "loggerName" : "com.dev.start.StartApplication",
  "message" : "Started StartApplication in 4.801 seconds (process running for 5.928)",
  "endOfBatch" : false,
  "loggerFqcn" : "org.apache.commons.logging.LogAdapter$Log4jLog",
  "threadId" : 23,
  "threadPriority" : 5,
  "service" : "commandes-app"
}
{
  "instant" : {
    "epochSecond" : 1739748296,
    "nanoOfSecond" : 263131100
  },
  "thread" : "SpringApplicationShutdownHook",
  "level" : "INFO",
  "loggerName" : "org.springframework.orm.jpa.LocalContainerEntityManagerFactoryBean",
  "message" : "Closing JPA EntityManagerFactory for persistence unit 'default'",
  "endOfBatch" : false,
  "loggerFqcn" : "org.apache.commons.logging.LogAdapter$Log4jLog",
  "threadId" : 24,
  "threadPriority" : 5,
  "service" : "commandes-app"
}
{
  "instant" : {
    "epochSecond" : 1739748296,
    "nanoOfSecond" : 266091100
  },
  "thread" : "SpringApplicationShutdownHook",
  "level" : "INFO",
  "loggerName" : "com.zaxxer.hikari.HikariDataSource",
  "message" : "HikariPool-1 - Shutdown initiated...",
  "endOfBatch" : false,
  "loggerFqcn" : "org.apache.logging.slf4j.Log4jLogger",
  "threadId" : 24,
  "threadPriority" : 5,
  "service" : "commandes-app"
}
{
  "instant" : {
    "epochSecond" : 1739748296,
    "nanoOfSecond" : 274178300
  },
  "thread" : "SpringApplicationShutdownHook",
  "level" : "INFO",
  "loggerName" : "com.zaxxer.hikari.HikariDataSource",
  "message" : "HikariPool-1 - Shutdown completed.",
  "endOfBatch" : false,
  "loggerFqcn" : "org.apache.logging.slf4j.Log4jLogger",
  "threadId" : 24,
  "threadPriority" : 5,
  "service" : "commandes-app"
}
